<?xml version="1.0" ?>
<coverage version="7.4.4" timestamp="1712780817686" lines-valid="467" lines-covered="432" line-rate="0.9251" branches-covered="0" branches-valid="0" branch-rate="0" complexity="0">
	<!-- Generated by coverage.py: https://coverage.readthedocs.io/en/7.4.4 -->
	<!-- Based on https://raw.githubusercontent.com/cobertura/web/master/htdocs/xml/coverage-04.dtd -->
	<sources>
		<source>/home/anja-strunk/Repos/SCS/gx-self-description-generator</source>
	</sources>
	<packages>
		<package name="." line-rate="0.825" branch-rate="0" complexity="0">
			<classes>
				<class name="cli.py" filename="cli.py" complexity="0" line-rate="0.825" branch-rate="0">
					<methods/>
					<lines>
						<line number="3" hits="1"/>
						<line number="13" hits="1"/>
						<line number="14" hits="1"/>
						<line number="16" hits="1"/>
						<line number="17" hits="1"/>
						<line number="18" hits="1"/>
						<line number="20" hits="1"/>
						<line number="21" hits="1"/>
						<line number="22" hits="1"/>
						<line number="24" hits="1"/>
						<line number="25" hits="1"/>
						<line number="28" hits="1"/>
						<line number="29" hits="1"/>
						<line number="30" hits="0"/>
						<line number="33" hits="1"/>
						<line number="34" hits="1"/>
						<line number="39" hits="1"/>
						<line number="40" hits="1"/>
						<line number="41" hits="1"/>
						<line number="46" hits="1"/>
						<line number="47" hits="1"/>
						<line number="48" hits="1"/>
						<line number="49" hits="0"/>
						<line number="50" hits="0"/>
						<line number="51" hits="0"/>
						<line number="58" hits="0"/>
						<line number="61" hits="1"/>
						<line number="63" hits="1"/>
						<line number="64" hits="1"/>
						<line number="67" hits="1"/>
						<line number="69" hits="1"/>
						<line number="70" hits="1"/>
						<line number="71" hits="1"/>
						<line number="74" hits="1"/>
						<line number="75" hits="1"/>
						<line number="77" hits="0"/>
						<line number="86" hits="1"/>
						<line number="87" hits="1"/>
						<line number="89" hits="1"/>
						<line number="90" hits="0"/>
					</lines>
				</class>
			</classes>
		</package>
		<package name="generator.common" line-rate="0.9697" branch-rate="0" complexity="0">
			<classes>
				<class name="config.py" filename="generator/common/config.py" complexity="0" line-rate="1" branch-rate="0">
					<methods/>
					<lines>
						<line number="1" hits="1"/>
						<line number="4" hits="1"/>
						<line number="5" hits="1"/>
						<line number="6" hits="1"/>
						<line number="8" hits="1"/>
						<line number="9" hits="1"/>
						<line number="10" hits="1"/>
						<line number="11" hits="1"/>
						<line number="13" hits="1"/>
						<line number="16" hits="1"/>
						<line number="17" hits="1"/>
						<line number="18" hits="1"/>
						<line number="20" hits="1"/>
						<line number="21" hits="1"/>
					</lines>
				</class>
				<class name="const.py" filename="generator/common/const.py" complexity="0" line-rate="1" branch-rate="0">
					<methods/>
					<lines>
						<line number="5" hits="1"/>
						<line number="6" hits="1"/>
						<line number="7" hits="1"/>
						<line number="9" hits="1"/>
						<line number="10" hits="1"/>
						<line number="12" hits="1"/>
						<line number="13" hits="1"/>
						<line number="14" hits="1"/>
						<line number="15" hits="1"/>
						<line number="16" hits="1"/>
						<line number="17" hits="1"/>
						<line number="18" hits="1"/>
						<line number="19" hits="1"/>
						<line number="20" hits="1"/>
						<line number="21" hits="1"/>
						<line number="22" hits="1"/>
						<line number="23" hits="1"/>
						<line number="25" hits="1"/>
						<line number="26" hits="1"/>
						<line number="27" hits="1"/>
						<line number="28" hits="1"/>
						<line number="29" hits="1"/>
						<line number="30" hits="1"/>
						<line number="31" hits="1"/>
						<line number="32" hits="1"/>
						<line number="33" hits="1"/>
						<line number="34" hits="1"/>
						<line number="35" hits="1"/>
						<line number="36" hits="1"/>
						<line number="37" hits="1"/>
						<line number="38" hits="1"/>
						<line number="39" hits="1"/>
						<line number="40" hits="1"/>
						<line number="41" hits="1"/>
						<line number="42" hits="1"/>
						<line number="43" hits="1"/>
						<line number="44" hits="1"/>
						<line number="45" hits="1"/>
						<line number="46" hits="1"/>
						<line number="47" hits="1"/>
						<line number="49" hits="1"/>
					</lines>
				</class>
				<class name="json_ld.py" filename="generator/common/json_ld.py" complexity="0" line-rate="0.9481" branch-rate="0">
					<methods/>
					<lines>
						<line number="5" hits="1"/>
						<line number="6" hits="1"/>
						<line number="7" hits="1"/>
						<line number="8" hits="1"/>
						<line number="10" hits="1"/>
						<line number="11" hits="1"/>
						<line number="12" hits="1"/>
						<line number="13" hits="1"/>
						<line number="15" hits="1"/>
						<line number="18" hits="1"/>
						<line number="23" hits="1"/>
						<line number="32" hits="1"/>
						<line number="33" hits="1"/>
						<line number="34" hits="1"/>
						<line number="35" hits="0"/>
						<line number="38" hits="1"/>
						<line number="45" hits="1"/>
						<line number="57" hits="1"/>
						<line number="71" hits="1"/>
						<line number="72" hits="1"/>
						<line number="74" hits="1"/>
						<line number="75" hits="1"/>
						<line number="77" hits="1"/>
						<line number="78" hits="1"/>
						<line number="79" hits="1"/>
						<line number="83" hits="1"/>
						<line number="85" hits="1"/>
						<line number="86" hits="1"/>
						<line number="87" hits="1"/>
						<line number="88" hits="1"/>
						<line number="91" hits="1"/>
						<line number="93" hits="1"/>
						<line number="94" hits="1"/>
						<line number="95" hits="1"/>
						<line number="97" hits="1"/>
						<line number="98" hits="1"/>
						<line number="99" hits="1"/>
						<line number="100" hits="1"/>
						<line number="102" hits="1"/>
						<line number="103" hits="1"/>
						<line number="105" hits="0"/>
						<line number="107" hits="1"/>
						<line number="108" hits="1"/>
						<line number="109" hits="1"/>
						<line number="111" hits="1"/>
						<line number="112" hits="1"/>
						<line number="114" hits="1"/>
						<line number="115" hits="1"/>
						<line number="117" hits="1"/>
						<line number="118" hits="1"/>
						<line number="120" hits="1"/>
						<line number="121" hits="1"/>
						<line number="123" hits="1"/>
						<line number="125" hits="1"/>
						<line number="128" hits="1"/>
						<line number="137" hits="1"/>
						<line number="138" hits="1"/>
						<line number="139" hits="1"/>
						<line number="140" hits="1"/>
						<line number="141" hits="1"/>
						<line number="142" hits="1"/>
						<line number="145" hits="1"/>
						<line number="153" hits="1"/>
						<line number="154" hits="1"/>
						<line number="155" hits="1"/>
						<line number="156" hits="1"/>
						<line number="157" hits="1"/>
						<line number="159" hits="1"/>
						<line number="160" hits="1"/>
						<line number="163" hits="1"/>
						<line number="169" hits="1"/>
						<line number="170" hits="1"/>
						<line number="171" hits="1"/>
						<line number="172" hits="1"/>
						<line number="173" hits="0"/>
						<line number="174" hits="0"/>
						<line number="175" hits="1"/>
					</lines>
				</class>
			</classes>
		</package>
		<package name="generator.discovery.openstack" line-rate="0.9186" branch-rate="0" complexity="0">
			<classes>
				<class name="openstack_discovery.py" filename="generator/discovery/openstack/openstack_discovery.py" complexity="0" line-rate="1" branch-rate="0">
					<methods/>
					<lines>
						<line number="5" hits="1"/>
						<line number="12" hits="1"/>
						<line number="14" hits="1"/>
						<line number="16" hits="1"/>
						<line number="17" hits="1"/>
						<line number="18" hits="1"/>
						<line number="21" hits="1"/>
						<line number="24" hits="1"/>
						<line number="26" hits="1"/>
						<line number="28" hits="1"/>
						<line number="30" hits="1"/>
						<line number="37" hits="1"/>
						<line number="39" hits="1"/>
						<line number="40" hits="1"/>
						<line number="42" hits="1"/>
					</lines>
				</class>
				<class name="vm_images_discovery.py" filename="generator/discovery/openstack/vm_images_discovery.py" complexity="0" line-rate="0.9143" branch-rate="0">
					<methods/>
					<lines>
						<line number="5" hits="1"/>
						<line number="11" hits="1"/>
						<line number="12" hits="1"/>
						<line number="14" hits="1"/>
						<line number="15" hits="1"/>
						<line number="16" hits="1"/>
						<line number="18" hits="1"/>
						<line number="19" hits="1"/>
						<line number="20" hits="1"/>
						<line number="21" hits="1"/>
						<line number="22" hits="1"/>
						<line number="30" hits="1"/>
						<line number="31" hits="1"/>
						<line number="32" hits="1"/>
						<line number="34" hits="1"/>
						<line number="40" hits="1"/>
						<line number="54" hits="1"/>
						<line number="62" hits="1"/>
						<line number="71" hits="1"/>
						<line number="73" hits="1"/>
						<line number="80" hits="1"/>
						<line number="91" hits="1"/>
						<line number="99" hits="1"/>
						<line number="101" hits="1"/>
						<line number="111" hits="1"/>
						<line number="114" hits="1"/>
						<line number="120" hits="1"/>
						<line number="121" hits="1"/>
						<line number="124" hits="1"/>
						<line number="130" hits="1"/>
						<line number="131" hits="1"/>
						<line number="132" hits="1"/>
						<line number="133" hits="1"/>
						<line number="138" hits="1"/>
						<line number="140" hits="1"/>
						<line number="149" hits="1"/>
						<line number="156" hits="1"/>
						<line number="157" hits="1"/>
						<line number="158" hits="1"/>
						<line number="159" hits="1"/>
						<line number="160" hits="1"/>
						<line number="161" hits="1"/>
						<line number="162" hits="1"/>
						<line number="163" hits="1"/>
						<line number="164" hits="1"/>
						<line number="165" hits="1"/>
						<line number="166" hits="1"/>
						<line number="167" hits="1"/>
						<line number="168" hits="1"/>
						<line number="169" hits="1"/>
						<line number="170" hits="1"/>
						<line number="171" hits="1"/>
						<line number="172" hits="1"/>
						<line number="173" hits="1"/>
						<line number="174" hits="1"/>
						<line number="175" hits="1"/>
						<line number="176" hits="1"/>
						<line number="177" hits="1"/>
						<line number="178" hits="1"/>
						<line number="179" hits="1"/>
						<line number="182" hits="1"/>
						<line number="183" hits="1"/>
						<line number="184" hits="1"/>
						<line number="186" hits="1"/>
						<line number="188" hits="1"/>
						<line number="189" hits="1"/>
						<line number="190" hits="1"/>
						<line number="191" hits="1"/>
						<line number="194" hits="1"/>
						<line number="196" hits="1"/>
						<line number="197" hits="1"/>
						<line number="198" hits="1"/>
						<line number="200" hits="1"/>
						<line number="201" hits="1"/>
						<line number="202" hits="1"/>
						<line number="205" hits="1"/>
						<line number="211" hits="1"/>
						<line number="213" hits="1"/>
						<line number="214" hits="1"/>
						<line number="215" hits="1"/>
						<line number="216" hits="1"/>
						<line number="221" hits="1"/>
						<line number="223" hits="1"/>
						<line number="224" hits="1"/>
						<line number="225" hits="1"/>
						<line number="226" hits="1"/>
						<line number="228" hits="1"/>
						<line number="230" hits="1"/>
						<line number="231" hits="1"/>
						<line number="232" hits="1"/>
						<line number="238" hits="1"/>
						<line number="239" hits="1"/>
						<line number="240" hits="1"/>
						<line number="241" hits="1"/>
						<line number="242" hits="1"/>
						<line number="244" hits="1"/>
						<line number="245" hits="1"/>
						<line number="246" hits="1"/>
						<line number="248" hits="1"/>
						<line number="249" hits="1"/>
						<line number="250" hits="1"/>
						<line number="251" hits="1"/>
						<line number="255" hits="1"/>
						<line number="256" hits="1"/>
						<line number="257" hits="1"/>
						<line number="258" hits="1"/>
						<line number="267" hits="1"/>
						<line number="268" hits="1"/>
						<line number="269" hits="1"/>
						<line number="271" hits="1"/>
						<line number="272" hits="1"/>
						<line number="273" hits="1"/>
						<line number="276" hits="1"/>
						<line number="281" hits="1"/>
						<line number="282" hits="1"/>
						<line number="283" hits="1"/>
						<line number="285" hits="1"/>
						<line number="286" hits="1"/>
						<line number="287" hits="1"/>
						<line number="288" hits="1"/>
						<line number="293" hits="1"/>
						<line number="294" hits="1"/>
						<line number="298" hits="1"/>
						<line number="299" hits="1"/>
						<line number="301" hits="1"/>
						<line number="303" hits="1"/>
						<line number="304" hits="0"/>
						<line number="313" hits="1"/>
						<line number="314" hits="0"/>
						<line number="325" hits="1"/>
						<line number="326" hits="1"/>
						<line number="337" hits="1"/>
						<line number="338" hits="0"/>
						<line number="349" hits="1"/>
						<line number="350" hits="1"/>
						<line number="363" hits="1"/>
						<line number="364" hits="0"/>
						<line number="375" hits="1"/>
						<line number="376" hits="0"/>
						<line number="389" hits="1"/>
						<line number="390" hits="0"/>
						<line number="403" hits="1"/>
						<line number="404" hits="0"/>
						<line number="413" hits="1"/>
						<line number="414" hits="0"/>
						<line number="425" hits="1"/>
						<line number="426" hits="0"/>
						<line number="437" hits="1"/>
						<line number="438" hits="0"/>
						<line number="449" hits="1"/>
						<line number="450" hits="0"/>
						<line number="463" hits="1"/>
						<line number="464" hits="0"/>
						<line number="477" hits="1"/>
						<line number="478" hits="0"/>
						<line number="491" hits="1"/>
						<line number="492" hits="0"/>
						<line number="503" hits="1"/>
						<line number="504" hits="0"/>
						<line number="513" hits="1"/>
						<line number="514" hits="0"/>
						<line number="523" hits="1"/>
						<line number="524" hits="0"/>
						<line number="535" hits="1"/>
						<line number="536" hits="1"/>
						<line number="549" hits="0"/>
						<line number="550" hits="0"/>
						<line number="561" hits="0"/>
						<line number="562" hits="0"/>
						<line number="576" hits="0"/>
						<line number="578" hits="1"/>
						<line number="579" hits="1"/>
						<line number="588" hits="1"/>
						<line number="589" hits="1"/>
						<line number="598" hits="1"/>
						<line number="599" hits="1"/>
						<line number="608" hits="1"/>
						<line number="609" hits="1"/>
						<line number="610" hits="1"/>
						<line number="618" hits="1"/>
						<line number="620" hits="1"/>
						<line number="622" hits="1"/>
						<line number="624" hits="1"/>
						<line number="626" hits="1"/>
						<line number="634" hits="1"/>
						<line number="636" hits="1"/>
						<line number="638" hits="1"/>
						<line number="640" hits="1"/>
						<line number="642" hits="1"/>
						<line number="650" hits="1"/>
						<line number="652" hits="1"/>
						<line number="654" hits="1"/>
						<line number="655" hits="1"/>
						<line number="656" hits="1"/>
						<line number="657" hits="1"/>
						<line number="658" hits="1"/>
						<line number="659" hits="1"/>
						<line number="661" hits="1"/>
						<line number="662" hits="1"/>
						<line number="664" hits="1"/>
						<line number="665" hits="1"/>
						<line number="666" hits="1"/>
						<line number="667" hits="1"/>
						<line number="669" hits="1"/>
						<line number="670" hits="1"/>
						<line number="671" hits="1"/>
						<line number="672" hits="1"/>
						<line number="673" hits="1"/>
						<line number="674" hits="1"/>
						<line number="677" hits="1"/>
						<line number="678" hits="1"/>
						<line number="679" hits="1"/>
						<line number="680" hits="1"/>
						<line number="681" hits="1"/>
						<line number="683" hits="1"/>
						<line number="684" hits="1"/>
						<line number="686" hits="1"/>
						<line number="688" hits="1"/>
						<line number="691" hits="1"/>
						<line number="693" hits="1"/>
						<line number="696" hits="1"/>
						<line number="697" hits="1"/>
						<line number="698" hits="1"/>
						<line number="700" hits="1"/>
						<line number="703" hits="1"/>
						<line number="704" hits="1"/>
						<line number="708" hits="1"/>
						<line number="709" hits="1"/>
						<line number="710" hits="1"/>
						<line number="711" hits="1"/>
						<line number="712" hits="1"/>
						<line number="713" hits="1"/>
						<line number="716" hits="0"/>
						<line number="718" hits="0"/>
						<line number="719" hits="1"/>
						<line number="721" hits="1"/>
						<line number="722" hits="1"/>
						<line number="723" hits="1"/>
						<line number="724" hits="1"/>
						<line number="725" hits="1"/>
						<line number="728" hits="1"/>
						<line number="730" hits="1"/>
						<line number="731" hits="1"/>
						<line number="732" hits="1"/>
						<line number="734" hits="1"/>
						<line number="735" hits="1"/>
						<line number="736" hits="1"/>
						<line number="737" hits="1"/>
						<line number="741" hits="1"/>
						<line number="742" hits="1"/>
						<line number="743" hits="1"/>
						<line number="745" hits="1"/>
						<line number="746" hits="1"/>
						<line number="747" hits="1"/>
						<line number="749" hits="1"/>
						<line number="750" hits="1"/>
						<line number="751" hits="1"/>
						<line number="753" hits="1"/>
						<line number="754" hits="1"/>
						<line number="755" hits="1"/>
						<line number="758" hits="1"/>
						<line number="760" hits="1"/>
						<line number="762" hits="1"/>
						<line number="763" hits="1"/>
						<line number="764" hits="1"/>
						<line number="765" hits="1"/>
						<line number="767" hits="1"/>
						<line number="768" hits="1"/>
						<line number="769" hits="1"/>
						<line number="770" hits="1"/>
						<line number="771" hits="1"/>
						<line number="777" hits="1"/>
						<line number="778" hits="1"/>
						<line number="779" hits="1"/>
						<line number="780" hits="1"/>
						<line number="786" hits="1"/>
						<line number="787" hits="1"/>
						<line number="788" hits="1"/>
						<line number="789" hits="1"/>
						<line number="793" hits="1"/>
					</lines>
				</class>
			</classes>
		</package>
	</packages>
</coverage>
