<?xml version="1.0" ?>
<coverage version="7.4.4" timestamp="1713351294755" lines-valid="382" lines-covered="21" line-rate="0.05497" branches-covered="0" branches-valid="0" branch-rate="0" complexity="0">
	<!-- Generated by coverage.py: https://coverage.readthedocs.io/en/7.4.4 -->
	<!-- Based on https://raw.githubusercontent.com/cobertura/web/master/htdocs/xml/coverage-04.dtd -->
	<sources>
		<source>/home/anja-strunk/Repos/SCS/gx-self-description-generator/tests</source>
	</sources>
	<packages>
		<package name="." line-rate="0.05497" branch-rate="0" complexity="0">
			<classes>
				<class name="test_cli.py" filename="test_cli.py" complexity="0" line-rate="0.1346" branch-rate="0">
					<methods/>
					<lines>
						<line number="1" hits="1"/>
						<line number="2" hits="1"/>
						<line number="3" hits="1"/>
						<line number="5" hits="1"/>
						<line number="6" hits="1"/>
						<line number="7" hits="1"/>
						<line number="9" hits="1"/>
						<line number="10" hits="0"/>
						<line number="11" hits="0"/>
						<line number="13" hits="0"/>
						<line number="56" hits="0"/>
						<line number="61" hits="0"/>
						<line number="62" hits="0"/>
						<line number="63" hits="0"/>
						<line number="65" hits="0"/>
						<line number="68" hits="0"/>
						<line number="69" hits="0"/>
						<line number="72" hits="0"/>
						<line number="73" hits="0"/>
						<line number="74" hits="0"/>
						<line number="75" hits="0"/>
						<line number="76" hits="0"/>
						<line number="77" hits="0"/>
						<line number="79" hits="0"/>
						<line number="80" hits="0"/>
						<line number="82" hits="0"/>
						<line number="83" hits="0"/>
						<line number="84" hits="0"/>
						<line number="88" hits="0"/>
						<line number="89" hits="0"/>
						<line number="90" hits="0"/>
						<line number="93" hits="0"/>
						<line number="94" hits="0"/>
						<line number="95" hits="0"/>
						<line number="97" hits="0"/>
						<line number="98" hits="0"/>
						<line number="100" hits="0"/>
						<line number="101" hits="0"/>
						<line number="102" hits="0"/>
						<line number="103" hits="0"/>
						<line number="104" hits="0"/>
						<line number="105" hits="0"/>
						<line number="108" hits="0"/>
						<line number="109" hits="0"/>
						<line number="111" hits="0"/>
						<line number="113" hits="0"/>
						<line number="114" hits="0"/>
						<line number="115" hits="0"/>
						<line number="116" hits="0"/>
						<line number="117" hits="0"/>
						<line number="120" hits="0"/>
						<line number="121" hits="0"/>
					</lines>
				</class>
				<class name="test_config.py" filename="test_config.py" complexity="0" line-rate="0.2222" branch-rate="0">
					<methods/>
					<lines>
						<line number="1" hits="1"/>
						<line number="3" hits="1"/>
						<line number="6" hits="0"/>
						<line number="7" hits="0"/>
						<line number="8" hits="0"/>
						<line number="9" hits="0"/>
						<line number="12" hits="0"/>
						<line number="17" hits="0"/>
						<line number="18" hits="0"/>
					</lines>
				</class>
				<class name="test_json_ld.py" filename="test_json_ld.py" complexity="0" line-rate="0.125" branch-rate="0">
					<methods/>
					<lines>
						<line number="1" hits="1"/>
						<line number="2" hits="1"/>
						<line number="4" hits="1"/>
						<line number="5" hits="1"/>
						<line number="7" hits="1"/>
						<line number="9" hits="0"/>
						<line number="14" hits="0"/>
						<line number="15" hits="0"/>
						<line number="16" hits="0"/>
						<line number="21" hits="0"/>
						<line number="22" hits="0"/>
						<line number="36" hits="0"/>
						<line number="37" hits="0"/>
						<line number="38" hits="0"/>
						<line number="41" hits="0"/>
						<line number="47" hits="0"/>
						<line number="48" hits="0"/>
						<line number="49" hits="0"/>
						<line number="52" hits="0"/>
						<line number="53" hits="0"/>
						<line number="58" hits="0"/>
						<line number="59" hits="0"/>
						<line number="64" hits="0"/>
						<line number="65" hits="0"/>
						<line number="70" hits="0"/>
						<line number="71" hits="0"/>
						<line number="78" hits="0"/>
						<line number="79" hits="0"/>
						<line number="91" hits="0"/>
						<line number="92" hits="0"/>
						<line number="99" hits="0"/>
						<line number="100" hits="0"/>
						<line number="110" hits="0"/>
						<line number="111" hits="0"/>
						<line number="119" hits="0"/>
						<line number="120" hits="0"/>
						<line number="128" hits="0"/>
						<line number="129" hits="0"/>
						<line number="140" hits="0"/>
						<line number="141" hits="0"/>
					</lines>
				</class>
				<class name="test_server_flavor_discovery.py" filename="test_server_flavor_discovery.py" complexity="0" line-rate="0.02344" branch-rate="0">
					<methods/>
					<lines>
						<line number="1" hits="1"/>
						<line number="3" hits="1"/>
						<line number="5" hits="1"/>
						<line number="6" hits="0"/>
						<line number="7" hits="0"/>
						<line number="8" hits="0"/>
						<line number="10" hits="0"/>
						<line number="11" hits="0"/>
						<line number="13" hits="0"/>
						<line number="14" hits="0"/>
						<line number="16" hits="0"/>
						<line number="17" hits="0"/>
						<line number="22" hits="0"/>
						<line number="23" hits="0"/>
						<line number="24" hits="0"/>
						<line number="28" hits="0"/>
						<line number="29" hits="0"/>
						<line number="33" hits="0"/>
						<line number="41" hits="0"/>
						<line number="50" hits="0"/>
						<line number="59" hits="0"/>
						<line number="68" hits="0"/>
						<line number="73" hits="0"/>
						<line number="74" hits="0"/>
						<line number="78" hits="0"/>
						<line number="82" hits="0"/>
						<line number="86" hits="0"/>
						<line number="93" hits="0"/>
						<line number="97" hits="0"/>
						<line number="105" hits="0"/>
						<line number="109" hits="0"/>
						<line number="113" hits="0"/>
						<line number="118" hits="0"/>
						<line number="120" hits="0"/>
						<line number="125" hits="0"/>
						<line number="131" hits="0"/>
						<line number="132" hits="0"/>
						<line number="139" hits="0"/>
						<line number="140" hits="0"/>
						<line number="147" hits="0"/>
						<line number="148" hits="0"/>
						<line number="155" hits="0"/>
						<line number="157" hits="0"/>
						<line number="158" hits="0"/>
						<line number="159" hits="0"/>
						<line number="160" hits="0"/>
						<line number="161" hits="0"/>
						<line number="163" hits="0"/>
						<line number="164" hits="0"/>
						<line number="165" hits="0"/>
						<line number="166" hits="0"/>
						<line number="167" hits="0"/>
						<line number="170" hits="0"/>
						<line number="171" hits="0"/>
						<line number="172" hits="0"/>
						<line number="173" hits="0"/>
						<line number="174" hits="0"/>
						<line number="177" hits="0"/>
						<line number="178" hits="0"/>
						<line number="179" hits="0"/>
						<line number="182" hits="0"/>
						<line number="183" hits="0"/>
						<line number="185" hits="0"/>
						<line number="186" hits="0"/>
						<line number="187" hits="0"/>
						<line number="190" hits="0"/>
						<line number="191" hits="0"/>
						<line number="192" hits="0"/>
						<line number="194" hits="0"/>
						<line number="195" hits="0"/>
						<line number="196" hits="0"/>
						<line number="202" hits="0"/>
						<line number="203" hits="0"/>
						<line number="205" hits="0"/>
						<line number="206" hits="0"/>
						<line number="207" hits="0"/>
						<line number="210" hits="0"/>
						<line number="211" hits="0"/>
						<line number="213" hits="0"/>
						<line number="214" hits="0"/>
						<line number="215" hits="0"/>
						<line number="218" hits="0"/>
						<line number="219" hits="0"/>
						<line number="221" hits="0"/>
						<line number="222" hits="0"/>
						<line number="223" hits="0"/>
						<line number="229" hits="0"/>
						<line number="230" hits="0"/>
						<line number="232" hits="0"/>
						<line number="233" hits="0"/>
						<line number="234" hits="0"/>
						<line number="237" hits="0"/>
						<line number="238" hits="0"/>
						<line number="240" hits="0"/>
						<line number="241" hits="0"/>
						<line number="242" hits="0"/>
						<line number="245" hits="0"/>
						<line number="246" hits="0"/>
						<line number="247" hits="0"/>
						<line number="249" hits="0"/>
						<line number="250" hits="0"/>
						<line number="251" hits="0"/>
						<line number="257" hits="0"/>
						<line number="258" hits="0"/>
						<line number="260" hits="0"/>
						<line number="261" hits="0"/>
						<line number="262" hits="0"/>
						<line number="263" hits="0"/>
						<line number="264" hits="0"/>
						<line number="266" hits="0"/>
						<line number="267" hits="0"/>
						<line number="270" hits="0"/>
						<line number="271" hits="0"/>
						<line number="274" hits="0"/>
						<line number="275" hits="0"/>
						<line number="276" hits="0"/>
						<line number="277" hits="0"/>
						<line number="278" hits="0"/>
						<line number="281" hits="0"/>
						<line number="293" hits="0"/>
						<line number="294" hits="0"/>
						<line number="296" hits="0"/>
						<line number="308" hits="0"/>
						<line number="320" hits="0"/>
						<line number="321" hits="0"/>
						<line number="326" hits="0"/>
						<line number="329" hits="0"/>
						<line number="330" hits="0"/>
					</lines>
				</class>
				<class name="test_vm_image_discovery.py" filename="test_vm_image_discovery.py" complexity="0" line-rate="0.02614" branch-rate="0">
					<methods/>
					<lines>
						<line number="1" hits="1"/>
						<line number="2" hits="1"/>
						<line number="4" hits="1"/>
						<line number="6" hits="1"/>
						<line number="7" hits="0"/>
						<line number="12" hits="0"/>
						<line number="13" hits="0"/>
						<line number="14" hits="0"/>
						<line number="15" hits="0"/>
						<line number="16" hits="0"/>
						<line number="18" hits="0"/>
						<line number="114" hits="0"/>
						<line number="116" hits="0"/>
						<line number="139" hits="0"/>
						<line number="181" hits="0"/>
						<line number="186" hits="0"/>
						<line number="187" hits="0"/>
						<line number="188" hits="0"/>
						<line number="192" hits="0"/>
						<line number="193" hits="0"/>
						<line number="194" hits="0"/>
						<line number="195" hits="0"/>
						<line number="197" hits="0"/>
						<line number="198" hits="0"/>
						<line number="202" hits="0"/>
						<line number="206" hits="0"/>
						<line number="210" hits="0"/>
						<line number="214" hits="0"/>
						<line number="216" hits="0"/>
						<line number="217" hits="0"/>
						<line number="220" hits="0"/>
						<line number="223" hits="0"/>
						<line number="225" hits="0"/>
						<line number="226" hits="0"/>
						<line number="230" hits="0"/>
						<line number="234" hits="0"/>
						<line number="238" hits="0"/>
						<line number="242" hits="0"/>
						<line number="243" hits="0"/>
						<line number="247" hits="0"/>
						<line number="251" hits="0"/>
						<line number="255" hits="0"/>
						<line number="259" hits="0"/>
						<line number="260" hits="0"/>
						<line number="261" hits="0"/>
						<line number="262" hits="0"/>
						<line number="264" hits="0"/>
						<line number="265" hits="0"/>
						<line number="271" hits="0"/>
						<line number="275" hits="0"/>
						<line number="279" hits="0"/>
						<line number="280" hits="0"/>
						<line number="285" hits="0"/>
						<line number="290" hits="0"/>
						<line number="292" hits="0"/>
						<line number="293" hits="0"/>
						<line number="299" hits="0"/>
						<line number="305" hits="0"/>
						<line number="311" hits="0"/>
						<line number="313" hits="0"/>
						<line number="314" hits="0"/>
						<line number="316" hits="0"/>
						<line number="317" hits="0"/>
						<line number="321" hits="0"/>
						<line number="323" hits="0"/>
						<line number="324" hits="0"/>
						<line number="328" hits="0"/>
						<line number="330" hits="0"/>
						<line number="331" hits="0"/>
						<line number="333" hits="0"/>
						<line number="334" hits="0"/>
						<line number="336" hits="0"/>
						<line number="350" hits="0"/>
						<line number="367" hits="0"/>
						<line number="370" hits="0"/>
						<line number="371" hits="0"/>
						<line number="382" hits="0"/>
						<line number="393" hits="0"/>
						<line number="397" hits="0"/>
						<line number="401" hits="0"/>
						<line number="403" hits="0"/>
						<line number="404" hits="0"/>
						<line number="408" hits="0"/>
						<line number="414" hits="0"/>
						<line number="416" hits="0"/>
						<line number="417" hits="0"/>
						<line number="418" hits="0"/>
						<line number="420" hits="0"/>
						<line number="421" hits="0"/>
						<line number="425" hits="0"/>
						<line number="427" hits="0"/>
						<line number="428" hits="0"/>
						<line number="431" hits="0"/>
						<line number="434" hits="0"/>
						<line number="436" hits="0"/>
						<line number="437" hits="0"/>
						<line number="440" hits="0"/>
						<line number="441" hits="0"/>
						<line number="443" hits="0"/>
						<line number="444" hits="0"/>
						<line number="447" hits="0"/>
						<line number="449" hits="0"/>
						<line number="450" hits="0"/>
						<line number="455" hits="0"/>
						<line number="456" hits="0"/>
						<line number="466" hits="0"/>
						<line number="474" hits="0"/>
						<line number="480" hits="0"/>
						<line number="487" hits="0"/>
						<line number="488" hits="0"/>
						<line number="502" hits="0"/>
						<line number="516" hits="0"/>
						<line number="530" hits="0"/>
						<line number="532" hits="0"/>
						<line number="533" hits="0"/>
						<line number="537" hits="0"/>
						<line number="541" hits="0"/>
						<line number="542" hits="0"/>
						<line number="544" hits="0"/>
						<line number="545" hits="0"/>
						<line number="554" hits="0"/>
						<line number="560" hits="0"/>
						<line number="562" hits="0"/>
						<line number="563" hits="0"/>
						<line number="569" hits="0"/>
						<line number="573" hits="0"/>
						<line number="575" hits="0"/>
						<line number="576" hits="0"/>
						<line number="588" hits="0"/>
						<line number="600" hits="0"/>
						<line number="612" hits="0"/>
						<line number="624" hits="0"/>
						<line number="636" hits="0"/>
						<line number="648" hits="0"/>
						<line number="660" hits="0"/>
						<line number="674" hits="0"/>
						<line number="686" hits="0"/>
						<line number="698" hits="0"/>
						<line number="710" hits="0"/>
						<line number="722" hits="0"/>
						<line number="736" hits="0"/>
						<line number="748" hits="0"/>
						<line number="762" hits="0"/>
						<line number="774" hits="0"/>
						<line number="786" hits="0"/>
						<line number="800" hits="0"/>
						<line number="812" hits="0"/>
						<line number="826" hits="0"/>
						<line number="838" hits="0"/>
						<line number="850" hits="0"/>
						<line number="862" hits="0"/>
						<line number="876" hits="0"/>
						<line number="877" hits="0"/>
					</lines>
				</class>
			</classes>
		</package>
	</packages>
</coverage>
